
*** Running vivado
    with args -log DHT11_Top.vds -m64 -product Vivado -mode batch -messageDb vivado.pb -notrace -source DHT11_Top.tcl



****** Vivado v2022.2 (64-bit)
  **** SW Build 3671981 on Fri Oct 14 05:00:03 MDT 2022
  **** IP Build 3669848 on Fri Oct 14 08:30:02 MDT 2022
    ** Copyright 1986-2022 Xilinx, Inc. All Rights Reserved.

source DHT11_Top.tcl -notrace
create_project: Time (s): cpu = 00:00:03 ; elapsed = 00:00:05 . Memory (MB): peak = 431.637 ; gain = 94.434
Command: read_checkpoint -auto_incremental -incremental D:/Data/Projects/Embedded/Xilinx/G_DHT_Sensor/G_DHT_Sensor.srcs/utils_1/imports/synth_1/DHT11_Top.dcp
INFO: [Vivado 12-5825] Read reference checkpoint from D:/Data/Projects/Embedded/Xilinx/G_DHT_Sensor/G_DHT_Sensor.srcs/utils_1/imports/synth_1/DHT11_Top.dcp for incremental synthesis
INFO: [Vivado 12-7989] Please ensure there are no constraint changes
Command: synth_design -top DHT11_Top -part xc7a35tcpg236-1
Starting synth_design
Attempting to get a license for feature 'Synthesis' and/or device 'xc7a35t'
INFO: [Common 17-349] Got license for feature 'Synthesis' and/or device 'xc7a35t'
INFO: [Device 21-403] Loading part xc7a35tcpg236-1
INFO: [Designutils 20-5440] No compile time benefit to using incremental synthesis; A full resynthesis will be run
INFO: [Designutils 20-4379] Flow is switching to default flow due to incremental criteria not met. If you would like to alter this behaviour and have the flow terminate instead, please set the following parameter config_implementation {autoIncr.Synth.RejectBehavior Terminate}
INFO: [Synth 8-7079] Multithreading enabled for synth_design using a maximum of 2 processes.
INFO: [Synth 8-7078] Launching helper process for spawning children vivado processes
INFO: [Synth 8-7075] Helper process launched with PID 2372
INFO: [Synth 8-11241] undeclared symbol 'REGCCE', assumed default net type 'wire' [C:/Prog/xilinx/Vivado/2022.2/data/verilog/src/unimacro/BRAM_SINGLE_MACRO.v:2170]
---------------------------------------------------------------------------------
Starting RTL Elaboration : Time (s): cpu = 00:00:03 ; elapsed = 00:00:04 . Memory (MB): peak = 1237.840 ; gain = 408.980
---------------------------------------------------------------------------------
INFO: [Synth 8-638] synthesizing module 'DHT11_Top' [D:/Data/Projects/Embedded/Xilinx/G_DHT_Sensor/G_DHT_Sensor.srcs/sources_1/new/dht_sensor.vhd:25]
INFO: [Synth 8-3491] module 'DHT11_Reader' declared at 'D:/Data/Projects/Embedded/Xilinx/G_DHT_Sensor/G_DHT_Sensor.srcs/sources_1/new/DHT11_Reader.vhd:6' bound to instance 'DHT11_reader_inst' of component 'DHT11_Reader' [D:/Data/Projects/Embedded/Xilinx/G_DHT_Sensor/G_DHT_Sensor.srcs/sources_1/new/dht_sensor.vhd:73]
INFO: [Synth 8-638] synthesizing module 'DHT11_Reader' [D:/Data/Projects/Embedded/Xilinx/G_DHT_Sensor/G_DHT_Sensor.srcs/sources_1/new/DHT11_Reader.vhd:19]
	Parameter c_clkfreq bound to: 100000000 - type: integer 
	Parameter WAIT_TIME bound to: 2000000 - type: integer 
INFO: [Synth 8-256] done synthesizing module 'DHT11_Reader' (0#1) [D:/Data/Projects/Embedded/Xilinx/G_DHT_Sensor/G_DHT_Sensor.srcs/sources_1/new/DHT11_Reader.vhd:19]
INFO: [Synth 8-3491] module 'UART_TX' declared at 'D:/Data/Projects/Embedded/Xilinx/G_DHT_Sensor/G_DHT_Sensor.srcs/sources_1/new/UART_TX.vhd:4' bound to instance 'UART_TX_inst' of component 'UART_TX' [D:/Data/Projects/Embedded/Xilinx/G_DHT_Sensor/G_DHT_Sensor.srcs/sources_1/new/dht_sensor.vhd:81]
INFO: [Synth 8-638] synthesizing module 'UART_TX' [D:/Data/Projects/Embedded/Xilinx/G_DHT_Sensor/G_DHT_Sensor.srcs/sources_1/new/UART_TX.vhd:19]
	Parameter c_clkfreq bound to: 100000000 - type: integer 
	Parameter c_baudrate bound to: 115200 - type: integer 
	Parameter c_stopbit bound to: 2 - type: integer 
INFO: [Synth 8-256] done synthesizing module 'UART_TX' (0#1) [D:/Data/Projects/Embedded/Xilinx/G_DHT_Sensor/G_DHT_Sensor.srcs/sources_1/new/UART_TX.vhd:19]
INFO: [Synth 8-3491] module 'Seven_Segment_Display' declared at 'D:/Data/Projects/Embedded/Xilinx/G_DHT_Sensor/G_DHT_Sensor.srcs/sources_1/new/Seven_Segment_Display.vhd:5' bound to instance 'Seven_Segment_Display_inst' of component 'Seven_Segment_Display' [D:/Data/Projects/Embedded/Xilinx/G_DHT_Sensor/G_DHT_Sensor.srcs/sources_1/new/dht_sensor.vhd:90]
INFO: [Synth 8-638] synthesizing module 'Seven_Segment_Display' [D:/Data/Projects/Embedded/Xilinx/G_DHT_Sensor/G_DHT_Sensor.srcs/sources_1/new/Seven_Segment_Display.vhd:14]
INFO: [Synth 8-256] done synthesizing module 'Seven_Segment_Display' (0#1) [D:/Data/Projects/Embedded/Xilinx/G_DHT_Sensor/G_DHT_Sensor.srcs/sources_1/new/Seven_Segment_Display.vhd:14]
WARNING: [Synth 8-614] signal 'sw_sel' is read in the process but is not in the sensitivity list [D:/Data/Projects/Embedded/Xilinx/G_DHT_Sensor/G_DHT_Sensor.srcs/sources_1/new/dht_sensor.vhd:98]
WARNING: [Synth 8-614] signal 'data_buffer_internal' is read in the process but is not in the sensitivity list [D:/Data/Projects/Embedded/Xilinx/G_DHT_Sensor/G_DHT_Sensor.srcs/sources_1/new/dht_sensor.vhd:98]
WARNING: [Synth 8-3919] null assignment ignored [D:/Data/Projects/Embedded/Xilinx/G_DHT_Sensor/G_DHT_Sensor.srcs/sources_1/new/dht_sensor.vhd:124]
INFO: [Synth 8-256] done synthesizing module 'DHT11_Top' (0#1) [D:/Data/Projects/Embedded/Xilinx/G_DHT_Sensor/G_DHT_Sensor.srcs/sources_1/new/dht_sensor.vhd:25]
WARNING: [Synth 8-6014] Unused sequential element buffer_index_reg was removed.  [D:/Data/Projects/Embedded/Xilinx/G_DHT_Sensor/G_DHT_Sensor.srcs/sources_1/new/DHT11_Reader.vhd:77]
WARNING: [Synth 8-6014] Unused sequential element buffer_internal_low_reg was removed. 
WARNING: [Synth 8-6014] Unused sequential element low_time_r_reg was removed.  [D:/Data/Projects/Embedded/Xilinx/G_DHT_Sensor/G_DHT_Sensor.srcs/sources_1/new/DHT11_Reader.vhd:100]
WARNING: [Synth 8-6014] Unused sequential element bit_counter_low_reg was removed.  [D:/Data/Projects/Embedded/Xilinx/G_DHT_Sensor/G_DHT_Sensor.srcs/sources_1/new/DHT11_Reader.vhd:100]
WARNING: [Synth 8-7129] Port leds[4] in module DHT11_Top is either unconnected or has no load
WARNING: [Synth 8-7129] Port leds[3] in module DHT11_Top is either unconnected or has no load
WARNING: [Synth 8-7129] Port leds[2] in module DHT11_Top is either unconnected or has no load
WARNING: [Synth 8-7129] Port leds[1] in module DHT11_Top is either unconnected or has no load
---------------------------------------------------------------------------------
Finished RTL Elaboration : Time (s): cpu = 00:00:04 ; elapsed = 00:00:06 . Memory (MB): peak = 1332.809 ; gain = 503.949
---------------------------------------------------------------------------------
---------------------------------------------------------------------------------
Start Handling Custom Attributes
---------------------------------------------------------------------------------
---------------------------------------------------------------------------------
Finished Handling Custom Attributes : Time (s): cpu = 00:00:04 ; elapsed = 00:00:06 . Memory (MB): peak = 1332.809 ; gain = 503.949
---------------------------------------------------------------------------------
---------------------------------------------------------------------------------
Finished RTL Optimization Phase 1 : Time (s): cpu = 00:00:04 ; elapsed = 00:00:06 . Memory (MB): peak = 1332.809 ; gain = 503.949
---------------------------------------------------------------------------------
Netlist sorting complete. Time (s): cpu = 00:00:00 ; elapsed = 00:00:00.008 . Memory (MB): peak = 1332.809 ; gain = 0.000
INFO: [Project 1-570] Preparing netlist for logic optimization

Processing XDC Constraints
Initializing timing engine
Parsing XDC File [D:/Data/Projects/Embedded/Xilinx/G_DHT_Sensor/G_DHT_Sensor.srcs/constrs_1/imports/Document/Basys3_Master.xdc]
WARNING: [Vivado 12-584] No ports matched 'leds[5]'. [D:/Data/Projects/Embedded/Xilinx/G_DHT_Sensor/G_DHT_Sensor.srcs/constrs_1/imports/Document/Basys3_Master.xdc:57]
CRITICAL WARNING: [Common 17-55] 'set_property' expects at least one object. [D:/Data/Projects/Embedded/Xilinx/G_DHT_Sensor/G_DHT_Sensor.srcs/constrs_1/imports/Document/Basys3_Master.xdc:57]
Resolution: If [get_<value>] was used to populate the object, check to make sure this command returns at least one valid object.
Finished Parsing XDC File [D:/Data/Projects/Embedded/Xilinx/G_DHT_Sensor/G_DHT_Sensor.srcs/constrs_1/imports/Document/Basys3_Master.xdc]
INFO: [Project 1-236] Implementation specific constraints were found while reading constraint file [D:/Data/Projects/Embedded/Xilinx/G_DHT_Sensor/G_DHT_Sensor.srcs/constrs_1/imports/Document/Basys3_Master.xdc]. These constraints will be ignored for synthesis but will be used in implementation. Impacted constraints are listed in the file [.Xil/DHT11_Top_propImpl.xdc].
Resolution: To avoid this warning, move constraints listed in [.Xil/DHT11_Top_propImpl.xdc] to another XDC file and exclude this new file from synthesis with the used_in_synthesis property (File Properties dialog in GUI) and re-run elaboration/synthesis.
Completed Processing XDC Constraints

Netlist sorting complete. Time (s): cpu = 00:00:00 ; elapsed = 00:00:00 . Memory (MB): peak = 1394.492 ; gain = 0.000
INFO: [Project 1-111] Unisim Transformation Summary:
No Unisim elements were transformed.

Constraint Validation Runtime : Time (s): cpu = 00:00:00 ; elapsed = 00:00:00.004 . Memory (MB): peak = 1394.492 ; gain = 0.000
INFO: [Designutils 20-5440] No compile time benefit to using incremental synthesis; A full resynthesis will be run
INFO: [Designutils 20-4379] Flow is switching to default flow due to incremental criteria not met. If you would like to alter this behaviour and have the flow terminate instead, please set the following parameter config_implementation {autoIncr.Synth.RejectBehavior Terminate}
INFO: [Synth 8-11241] undeclared symbol 'REGCCE', assumed default net type 'wire' [C:/Prog/xilinx/Vivado/2022.2/data/verilog/src/unimacro/BRAM_SINGLE_MACRO.v:2170]
---------------------------------------------------------------------------------
Finished Constraint Validation : Time (s): cpu = 00:00:08 ; elapsed = 00:00:12 . Memory (MB): peak = 1394.492 ; gain = 565.633
---------------------------------------------------------------------------------
---------------------------------------------------------------------------------
Start Loading Part and Timing Information
---------------------------------------------------------------------------------
Loading part: xc7a35tcpg236-1
---------------------------------------------------------------------------------
Finished Loading Part and Timing Information : Time (s): cpu = 00:00:08 ; elapsed = 00:00:12 . Memory (MB): peak = 1394.492 ; gain = 565.633
---------------------------------------------------------------------------------
---------------------------------------------------------------------------------
Start Applying 'set_property' XDC Constraints
---------------------------------------------------------------------------------
---------------------------------------------------------------------------------
Finished applying 'set_property' XDC Constraints : Time (s): cpu = 00:00:08 ; elapsed = 00:00:12 . Memory (MB): peak = 1394.492 ; gain = 565.633
---------------------------------------------------------------------------------
INFO: [Synth 8-802] inferred FSM for state register 'state_dht_reg' in module 'DHT11_Reader'
INFO: [Synth 8-802] inferred FSM for state register 'byte_sel_reg' in module 'UART_TX'
---------------------------------------------------------------------------------------------------
                   State |                     New Encoding |                Previous Encoding 
---------------------------------------------------------------------------------------------------
                   start |                              000 |                              000
              leave_high |                              001 |                              001
               low_delay |                              010 |                              011
                    data |                              011 |                              010
     wait_before_restart |                              100 |                              100
---------------------------------------------------------------------------------------------------
INFO: [Synth 8-3354] encoded FSM with state register 'state_dht_reg' using encoding 'sequential' in module 'DHT11_Reader'
---------------------------------------------------------------------------------------------------
                   State |                     New Encoding |                Previous Encoding 
---------------------------------------------------------------------------------------------------
                 iSTATE1 |                              000 |                              000
                 iSTATE2 |                              001 |                              001
                 iSTATE3 |                              010 |                              010
                 iSTATE4 |                              011 |                              011
                 iSTATE5 |                              100 |                              100
                 iSTATE0 |                              101 |                              101
*
                  iSTATE |                              110 |                              110
---------------------------------------------------------------------------------------------------
INFO: [Synth 8-3354] encoded FSM with state register 'byte_sel_reg' using encoding 'sequential' in module 'UART_TX'
---------------------------------------------------------------------------------
Finished RTL Optimization Phase 2 : Time (s): cpu = 00:00:09 ; elapsed = 00:00:13 . Memory (MB): peak = 1394.492 ; gain = 565.633
---------------------------------------------------------------------------------
---------------------------------------------------------------------------------
Start RTL Component Statistics 
---------------------------------------------------------------------------------
Detailed RTL Component Info : 
+---Adders : 
	   2 Input   32 Bit       Adders := 1     
	   2 Input   26 Bit       Adders := 1     
	   2 Input   17 Bit       Adders := 1     
	   2 Input   11 Bit       Adders := 1     
	   2 Input   10 Bit       Adders := 1     
	   2 Input    8 Bit       Adders := 1     
	   2 Input    7 Bit       Adders := 1     
	   2 Input    6 Bit       Adders := 3     
	   2 Input    3 Bit       Adders := 1     
	   2 Input    2 Bit       Adders := 1     
+---Registers : 
	               40 Bit    Registers := 1     
	               32 Bit    Registers := 1     
	               26 Bit    Registers := 1     
	               17 Bit    Registers := 1     
	               11 Bit    Registers := 1     
	               10 Bit    Registers := 1     
	                8 Bit    Registers := 2     
	                7 Bit    Registers := 1     
	                6 Bit    Registers := 2     
	                3 Bit    Registers := 2     
	                2 Bit    Registers := 1     
	                1 Bit    Registers := 7     
+---RAMs : 
	              320 Bit	(40 X 8 bit)          RAMs := 1     
+---Muxes : 
	   2 Input   40 Bit        Muxes := 4     
	   5 Input   40 Bit        Muxes := 1     
	   2 Input   32 Bit        Muxes := 4     
	   5 Input   32 Bit        Muxes := 1     
	   2 Input   11 Bit        Muxes := 2     
	   6 Input   11 Bit        Muxes := 1     
	   2 Input    8 Bit        Muxes := 2     
	   7 Input    8 Bit        Muxes := 1     
	   6 Input    8 Bit        Muxes := 3     
	   2 Input    7 Bit        Muxes := 2     
	   5 Input    7 Bit        Muxes := 1     
	   3 Input    7 Bit        Muxes := 2     
	   2 Input    6 Bit        Muxes := 2     
	   4 Input    4 Bit        Muxes := 1     
	   5 Input    3 Bit        Muxes := 1     
	   6 Input    3 Bit        Muxes := 2     
	   2 Input    3 Bit        Muxes := 1     
	  11 Input    3 Bit        Muxes := 1     
	   7 Input    2 Bit        Muxes := 1     
	   2 Input    1 Bit        Muxes := 9     
	   5 Input    1 Bit        Muxes := 10    
	   6 Input    1 Bit        Muxes := 8     
	   7 Input    1 Bit        Muxes := 2     
---------------------------------------------------------------------------------
Finished RTL Component Statistics 
---------------------------------------------------------------------------------
---------------------------------------------------------------------------------
Start Part Resource Summary
---------------------------------------------------------------------------------
Part Resources:
DSPs: 90 (col length:60)
BRAMs: 100 (col length: RAMB18 60 RAMB36 30)
---------------------------------------------------------------------------------
Finished Part Resource Summary
---------------------------------------------------------------------------------
---------------------------------------------------------------------------------
Start Cross Boundary and Area Optimization
---------------------------------------------------------------------------------
WARNING: [Synth 8-7080] Parallel synthesis criteria is not met
WARNING: [Synth 8-7129] Port leds[4] in module DHT11_Top is either unconnected or has no load
WARNING: [Synth 8-7129] Port leds[3] in module DHT11_Top is either unconnected or has no load
WARNING: [Synth 8-7129] Port leds[2] in module DHT11_Top is either unconnected or has no load
WARNING: [Synth 8-7129] Port leds[1] in module DHT11_Top is either unconnected or has no load
---------------------------------------------------------------------------------
Finished Cross Boundary and Area Optimization : Time (s): cpu = 00:00:11 ; elapsed = 00:00:17 . Memory (MB): peak = 1394.492 ; gain = 565.633
---------------------------------------------------------------------------------
---------------------------------------------------------------------------------
Start ROM, RAM, DSP, Shift Register and Retiming Reporting
---------------------------------------------------------------------------------

Distributed RAM: Preliminary Mapping Report (see note below)
+------------+--------------------------------------------+-----------+----------------------+-------------+
|Module Name | RTL Object                                 | Inference | Size (Depth x Width) | Primitives  | 
+------------+--------------------------------------------+-----------+----------------------+-------------+
|DHT11_Top   | DHT11_reader_inst/buffer_internal_high_reg | Implied   | 64 x 8               | RAM64M x 3  | 
+------------+--------------------------------------------+-----------+----------------------+-------------+

Note: The table above is a preliminary report that shows the Distributed RAMs at the current stage of the synthesis flow. Some Distributed RAMs may be reimplemented as non Distributed RAM primitives later in the synthesis flow. Multiple instantiated RAMs are reported only once.
---------------------------------------------------------------------------------
Finished ROM, RAM, DSP, Shift Register and Retiming Reporting
---------------------------------------------------------------------------------
---------------------------------------------------------------------------------
Start Applying XDC Timing Constraints
---------------------------------------------------------------------------------
---------------------------------------------------------------------------------
Finished Applying XDC Timing Constraints : Time (s): cpu = 00:00:14 ; elapsed = 00:00:22 . Memory (MB): peak = 1394.492 ; gain = 565.633
---------------------------------------------------------------------------------
---------------------------------------------------------------------------------
Start Timing Optimization
---------------------------------------------------------------------------------
---------------------------------------------------------------------------------
Finished Timing Optimization : Time (s): cpu = 00:00:15 ; elapsed = 00:00:22 . Memory (MB): peak = 1394.492 ; gain = 565.633
---------------------------------------------------------------------------------
---------------------------------------------------------------------------------
Start ROM, RAM, DSP, Shift Register and Retiming Reporting
---------------------------------------------------------------------------------

Distributed RAM: Final Mapping Report
+------------+--------------------------------------------+-----------+----------------------+-------------+
|Module Name | RTL Object                                 | Inference | Size (Depth x Width) | Primitives  | 
+------------+--------------------------------------------+-----------+----------------------+-------------+
|DHT11_Top   | DHT11_reader_inst/buffer_internal_high_reg | Implied   | 64 x 8               | RAM64M x 3  | 
+------------+--------------------------------------------+-----------+----------------------+-------------+

---------------------------------------------------------------------------------
Finished ROM, RAM, DSP, Shift Register and Retiming Reporting
---------------------------------------------------------------------------------
---------------------------------------------------------------------------------
Start Technology Mapping
---------------------------------------------------------------------------------
---------------------------------------------------------------------------------
Finished Technology Mapping : Time (s): cpu = 00:00:15 ; elapsed = 00:00:22 . Memory (MB): peak = 1394.492 ; gain = 565.633
---------------------------------------------------------------------------------
---------------------------------------------------------------------------------
Start IO Insertion
---------------------------------------------------------------------------------
---------------------------------------------------------------------------------
Start Flattening Before IO Insertion
---------------------------------------------------------------------------------
---------------------------------------------------------------------------------
Finished Flattening Before IO Insertion
---------------------------------------------------------------------------------
---------------------------------------------------------------------------------
Start Final Netlist Cleanup
---------------------------------------------------------------------------------
---------------------------------------------------------------------------------
Finished Final Netlist Cleanup
---------------------------------------------------------------------------------
---------------------------------------------------------------------------------
Finished IO Insertion : Time (s): cpu = 00:00:18 ; elapsed = 00:00:26 . Memory (MB): peak = 1394.492 ; gain = 565.633
---------------------------------------------------------------------------------
---------------------------------------------------------------------------------
Start Renaming Generated Instances
---------------------------------------------------------------------------------
---------------------------------------------------------------------------------
Finished Renaming Generated Instances : Time (s): cpu = 00:00:18 ; elapsed = 00:00:26 . Memory (MB): peak = 1394.492 ; gain = 565.633
---------------------------------------------------------------------------------
---------------------------------------------------------------------------------
Start Rebuilding User Hierarchy
---------------------------------------------------------------------------------
---------------------------------------------------------------------------------
Finished Rebuilding User Hierarchy : Time (s): cpu = 00:00:18 ; elapsed = 00:00:26 . Memory (MB): peak = 1394.492 ; gain = 565.633
---------------------------------------------------------------------------------
---------------------------------------------------------------------------------
Start Renaming Generated Ports
---------------------------------------------------------------------------------
---------------------------------------------------------------------------------
Finished Renaming Generated Ports : Time (s): cpu = 00:00:18 ; elapsed = 00:00:26 . Memory (MB): peak = 1394.492 ; gain = 565.633
---------------------------------------------------------------------------------
---------------------------------------------------------------------------------
Start Handling Custom Attributes
---------------------------------------------------------------------------------
---------------------------------------------------------------------------------
Finished Handling Custom Attributes : Time (s): cpu = 00:00:18 ; elapsed = 00:00:26 . Memory (MB): peak = 1394.492 ; gain = 565.633
---------------------------------------------------------------------------------
---------------------------------------------------------------------------------
Start Renaming Generated Nets
---------------------------------------------------------------------------------
---------------------------------------------------------------------------------
Finished Renaming Generated Nets : Time (s): cpu = 00:00:18 ; elapsed = 00:00:26 . Memory (MB): peak = 1394.492 ; gain = 565.633
---------------------------------------------------------------------------------
---------------------------------------------------------------------------------
Start Writing Synthesis Report
---------------------------------------------------------------------------------

Report BlackBoxes: 
+-+--------------+----------+
| |BlackBox name |Instances |
+-+--------------+----------+
+-+--------------+----------+

Report Cell Usage: 
+------+-------+------+
|      |Cell   |Count |
+------+-------+------+
|1     |BUFG   |     1|
|2     |CARRY4 |    45|
|3     |LUT1   |    12|
|4     |LUT2   |   105|
|5     |LUT3   |    42|
|6     |LUT4   |    28|
|7     |LUT5   |    37|
|8     |LUT6   |   123|
|9     |RAM64M |     3|
|10    |FDRE   |   217|
|11    |IBUF   |     2|
|12    |IOBUF  |     1|
|13    |OBUF   |    13|
|14    |OBUFT  |     4|
+------+-------+------+
---------------------------------------------------------------------------------
Finished Writing Synthesis Report : Time (s): cpu = 00:00:18 ; elapsed = 00:00:26 . Memory (MB): peak = 1394.492 ; gain = 565.633
---------------------------------------------------------------------------------
Synthesis finished with 0 errors, 0 critical warnings and 5 warnings.
Synthesis Optimization Runtime : Time (s): cpu = 00:00:13 ; elapsed = 00:00:24 . Memory (MB): peak = 1394.492 ; gain = 503.949
Synthesis Optimization Complete : Time (s): cpu = 00:00:18 ; elapsed = 00:00:26 . Memory (MB): peak = 1394.492 ; gain = 565.633
INFO: [Project 1-571] Translating synthesized netlist
Netlist sorting complete. Time (s): cpu = 00:00:00 ; elapsed = 00:00:00.005 . Memory (MB): peak = 1394.492 ; gain = 0.000
INFO: [Netlist 29-17] Analyzing 49 Unisim elements for replacement
INFO: [Netlist 29-28] Unisim Transformation completed in 0 CPU seconds
INFO: [Project 1-570] Preparing netlist for logic optimization
INFO: [Opt 31-138] Pushed 0 inverter(s) to 0 load pin(s).
Netlist sorting complete. Time (s): cpu = 00:00:00 ; elapsed = 00:00:00 . Memory (MB): peak = 1394.492 ; gain = 0.000
INFO: [Project 1-111] Unisim Transformation Summary:
  A total of 4 instances were transformed.
  IOBUF => IOBUF (IBUF, OBUFT): 1 instance 
  RAM64M => RAM64M (RAMD64E(x4)): 3 instances

Synth Design complete, checksum: bc982bd9
INFO: [Common 17-83] Releasing license: Synthesis
38 Infos, 17 Warnings, 1 Critical Warnings and 0 Errors encountered.
synth_design completed successfully
synth_design: Time (s): cpu = 00:00:20 ; elapsed = 00:00:31 . Memory (MB): peak = 1394.492 ; gain = 938.008
INFO: [runtcl-6] Synthesis results are not added to the cache due to CRITICAL_WARNING
INFO: [Common 17-1381] The checkpoint 'D:/Data/Projects/Embedded/Xilinx/G_DHT_Sensor/G_DHT_Sensor.runs/synth_1/DHT11_Top.dcp' has been generated.
INFO: [runtcl-4] Executing : report_utilization -file DHT11_Top_utilization_synth.rpt -pb DHT11_Top_utilization_synth.pb
INFO: [Common 17-206] Exiting Vivado at Tue Mar 11 14:44:34 2025...
